make.exe all --print-data-base --no-builtin-variables --no-builtin-rules --question
# GNU Make 3.81
# Copyright (C) 2006  Free Software Foundation, Inc.
# This is free software; see the source for copying conditions.
# There is NO warranty; not even for MERCHANTABILITY or FITNESS FOR A
# PARTICULAR PURPOSE.

# This program built for i386-pc-mingw32
 

# Make data base, printed on Tue May 31 21:42:51 2022

# Variables

# automatic
<D = $(patsubst %/,%,$(dir $<))
# automatic
?F = $(notdir $?)
# makefile
MAKEFLAGS = Rrqp
# environment
VSCODE_LOG_NATIVE = false
# automatic
?D = $(patsubst %/,%,$(dir $?))
# environment
PLATFORMIO_IDE = 2.4.3
# automatic
@D = $(patsubst %/,%,$(dir $@))
# environment
HOMEDRIVE = C:
# automatic
@F = $(notdir $@)
# automatic
^D = $(patsubst %/,%,$(dir $^))
# makefile
CURDIR := c:/repo/thesisdigitaltwinsustainability
# default
SHELL := sh.exe
# environment
SERIAL = F7T39K3
# environment
WINDIR = C:\WINDOWS
# environment
VSCODE_NLS_CONFIG = {"locale":"en-us","availableLanguages":{},"_languagePackSupport":true}
# environment
ONEDRIVE = C:\Users\remco.ploeg\OneDrive - Accenture
# environment
LIBJABRA_TRACE_LEVEL = debug
# environment
PATHEXT = .COM;.EXE;.BAT;.CMD;.VBS;.VBE;.JS;.JSE;.WSF;.WSH;.MSC
# makefile
MAKEFILE_LIST := 
# environment
NEXTHINK = C:\Program Files\Nexthink\Collector
# environment
TMP = C:\Users\REMCO~1.PLO\AppData\Local\Temp
# environment
VSCODE_AMD_ENTRYPOINT = vs/workbench/api/node/extensionHostProcess
# environment
VSCODE_VERBOSE_LOGGING = true
# environment
PROGRAMW6432 = C:\Program Files
# environment
CHASSIS = Notebook
# environment
PROGRAMDATA = C:\ProgramData
# environment
VSCODE_IPC_HOOK_EXTHOST = \\.\pipe\vscode-ipc-f6bad610-eb52-44ae-a189-7ca3db1dc889-sock
# environment
VSCODE_CWD = C:\Users\remco.ploeg\AppData\Local\Programs\Microsoft VS Code
# environment
GOPROXY = https://proxy.golang.org,direct
# environment
NO_PROXY = 127.0.0.1
# environment
COMMONPROGRAMW6432 = C:\Program Files\Common Files
# environment
ZES_ENABLE_SYSMAN = 1
# environment
PROCESSOR_ARCHITECTURE = x86
# environment
USERPROFILE = C:\Users\remco.ploeg
# environment
ALLUSERSPROFILE = C:\ProgramData
# environment
GOPATH = C:\Users\remco.ploeg\go
# environment
VSCODE_LOG_STACK = false
# environment
NUMBER_OF_PROCESSORS = 8
# environment
ELECTRON_RUN_AS_NODE = 1
# default
.FEATURES := target-specific order-only second-expansion else-if archives
# automatic
%F = $(notdir $%)
# environment
CHROME_CRASHPAD_PIPE_NAME = \\.\pipe\crashpad_23772_YJWYRFEHJAEYTLEJ
# environment
VSCODE_PIPE_LOGGING = true
# environment
COMPUTERNAME = CPX-SJROLXZJGEQ
# environment
PROGRAMFILES = C:\Program Files (x86)
# environment
MODEL = 5420
# environment
USERDNSDOMAIN = DIR.SVC.ACCENTURE.COM
# environment
DRIVERDATA = C:\Windows\System32\Drivers\DriverData
# environment
ORIGINAL_XDG_CURRENT_DESKTOP = undefined
# environment
USERNAME = remco.ploeg
# environment
PUBLIC = C:\Users\Public
# environment
GOMODCACHE = C:\Users\remco.ploeg\go\pkg\mod
# environment
VSCODE_CODE_CACHE_PATH = C:\Users\remco.ploeg\AppData\Roaming\Code\CachedData\c3511e6c69bb39013c4a4b7b9566ec1ca73fc4d5
# environment
APPLICATION_INSIGHTS_NO_DIAGNOSTIC_CHANNEL = true
# environment
COMMONPROGRAMFILES = C:\Program Files (x86)\Common Files
# environment
LOGONSERVER = \\AMRDC4217
# environment
VSCODE_HANDLES_UNCAUGHT_ERRORS = true
# environment
USERDOMAIN = DIR
# environment
PLATFORMIO_PATH = C:\Users\remco.ploeg\.platformio\python3;C:\WINDOWS\system32;C:\WINDOWS;C:\WINDOWS\System32\Wbem;C:\WINDOWS\System32\WindowsPowerShell\v1.0\;C:\WINDOWS\System32\OpenSSH\;C:\Program Files (x86)\Pulse Secure\VC142.CRT\X64\;C:\Program Files (x86)\Pulse Secure\VC142.CRT\X86\;C:\Program Files (x86)\Common Files\Pulse Secure\VC142.CRT\X64\;C:\Program Files (x86)\Common Files\Pulse Secure\VC142.CRT\X86\;C:\Program Files\dotnet\;C:\Program Files (x86)\Microsoft SQL Server\150\DTS\Binn\;C:\Program Files\Azure Data Studio\bin;C:\Program Files\Go\bin;C:\Program Files (x86)\GnuWin32\bin;C:\Users\remco.ploeg\AppData\Local\Programs\Python\Python310\Scripts\;C:\Users\remco.ploeg\AppData\Local\Programs\Python\Python310\;C:\Users\remco.ploeg\AppData\Local\Microsoft\WindowsApps;C:\Users\remco.ploeg\AppData\Local\Programs\Microsoft VS Code\bin;C:\Program Files\Azure Data Studio\bin;C:\Users\remco.ploeg\AppData\Local\Programs\Git\cmd;C:\Users\remco.ploeg\go\bin;C:\WINDOWS\system32;C:\WINDOWS;C:\WINDOWS\System32\Wbem;C:\WINDOWS\System32\WindowsPowerShell\v1.0\;C:\WINDOWS\System32\OpenSSH\;C:\Program Files (x86)\Pulse Secure\VC142.CRT\X64\;C:\Program Files (x86)\Pulse Secure\VC142.CRT\X86\;C:\Program Files (x86)\Common Files\Pulse Secure\VC142.CRT\X64\;C:\Program Files (x86)\Common Files\Pulse Secure\VC142.CRT\X86\;C:\Program Files\dotnet\;C:\Program Files (x86)\Microsoft SQL Server\150\DTS\Binn\;C:\Program Files\Azure Data Studio\bin;C:\Program Files\Go\bin;C:\Program Files (x86)\GnuWin32\bin;C:\Users\remco.ploeg\AppData\Local\Programs\Python\Python310\Scripts\;C:\Users\remco.ploeg\AppData\Local\Programs\Python\Python310\;C:\Users\remco.ploeg\AppData\Local\Microsoft\WindowsApps;C:\Users\remco.ploeg\AppData\Local\Programs\Microsoft VS Code\bin;C:\Program Files\Azure Data Studio\bin;C:\Users\remco.ploeg\AppData\Local\Programs\Git\cmd;C:\Users\remco.ploeg\go\bin
# default
MAKE = $(MAKE_COMMAND)
# default
MAKECMDGOALS := all
# environment
PATH = C:\WINDOWS\system32;C:\WINDOWS;C:\WINDOWS\System32\Wbem;C:\WINDOWS\System32\WindowsPowerShell\v1.0\;C:\WINDOWS\System32\OpenSSH\;C:\Program Files (x86)\Pulse Secure\VC142.CRT\X64\;C:\Program Files (x86)\Pulse Secure\VC142.CRT\X86\;C:\Program Files (x86)\Common Files\Pulse Secure\VC142.CRT\X64\;C:\Program Files (x86)\Common Files\Pulse Secure\VC142.CRT\X86\;C:\Program Files\dotnet\;C:\Program Files (x86)\Microsoft SQL Server\150\DTS\Binn\;C:\Program Files\Azure Data Studio\bin;C:\Program Files\Go\bin;C:\Program Files (x86)\GnuWin32\bin;C:\Users\remco.ploeg\AppData\Local\Programs\Python\Python310\Scripts\;C:\Users\remco.ploeg\AppData\Local\Programs\Python\Python310\;C:\Users\remco.ploeg\AppData\Local\Microsoft\WindowsApps;C:\Users\remco.ploeg\AppData\Local\Programs\Microsoft VS Code\bin;C:\Program Files\Azure Data Studio\bin;C:\Users\remco.ploeg\AppData\Local\Programs\Git\cmd;C:\Users\remco.ploeg\go\bin
# environment
ONEDRIVECOMMERCIAL = C:\Users\remco.ploeg\OneDrive - Accenture
# default
MAKE_VERSION := 3.81
# environment
__PSLOCKDOWNPOLICY = 0
# environment
PROGRAMFILES(X86) = C:\Program Files (x86)
# automatic
%D = $(patsubst %/,%,$(dir $%))
# environment
TYPE = LATITUDE
# environment
LOCALAPPDATA = C:\Users\remco.ploeg\AppData\Local
# environment
PSMODULEPATH = C:\Program Files\WindowsPowerShell\Modules;C:\WINDOWS\system32\WindowsPowerShell\v1.0\Modules;C:\Program Files (x86)\Microsoft Azure Information Protection\Powershell
# default
MAKE_COMMAND := make.exe
# environment
PROCESSOR_ARCHITEW6432 = AMD64
# default
.VARIABLES := 
# automatic
*F = $(notdir $*)
# environment
PROCESSOR_IDENTIFIER = Intel64 Family 6 Model 140 Stepping 1, GenuineIntel
# environment
OS = Windows_NT
# environment
VSCODE_IPC_HOOK = \\.\pipe\8a3360b762d3d2b8b3c8864d665ef15b-1.67.2-main-sock
# environment
HOMEPATH = \Users\remco.ploeg
# environment
COMMONPROGRAMFILES(X86) = C:\Program Files (x86)\Common Files
# environment
PROMPT = $P$G
# environment
MFLAGS = -Rrqp
# automatic
*D = $(patsubst %/,%,$(dir $*))
# environment
SYSTEMROOT = C:\WINDOWS
# automatic
+D = $(patsubst %/,%,$(dir $+))
# automatic
+F = $(notdir $+)
# environment
APPDATA = C:\Users\remco.ploeg\AppData\Roaming
# environment
TEMP = C:\Users\REMCO~1.PLO\AppData\Local\Temp
# environment
COMSPEC = C:\WINDOWS\system32\cmd.exe
# default
MAKEFILES := 
# automatic
<F = $(notdir $<)
# environment
PLATFORMIO_CALLER = vscode
# environment
LC_ALL = C
# environment
UATDATA = C:\Windows\CCM\UATData\D9F8C395-CAB8-491d-B8AC-179A1FE1BE77
# automatic
^F = $(notdir $^)
# default
SUFFIXES := 
# environment
SYSTEMDRIVE = C:
# environment
SESSIONNAME = Console
# environment
PROCESSOR_REVISION = 8c01
# environment
MAKELEVEL := 0
# makefile
.DEFAULT_GOAL := 
# environment
LANG = C
# environment
PROCESSOR_LEVEL = 6
# environment
VSCODE_PID = 23772
# environment
USERDOMAIN_ROAMINGPROFILE = DIR
# variable set hash-table stats:
# Load=104/1024=10%, Rehash=0, Collisions=14/121=12%

# Pattern-specific Variable Values

# No pattern-specific variable values.

# Directories

# C:\Users\remco.ploeg\AppData\Local\Programs\Git\cmd (key C:/Users/remco.ploeg/AppData/Local/Programs/Git/cmd, mtime 1654023727): 8 files, no impossibilities.
# C:\Users\remco.ploeg\AppData\Local\Microsoft\WindowsApps (key C:/Users/remco.ploeg/AppData/Local/Microsoft/WindowsApps, mtime 1653846851): 22 files, no impossibilities.
# C:\Program Files\Go\bin (key C:/Program Files/Go/bin, mtime 1654024666): 4 files, no impossibilities.
# C:\Program Files (x86)\Microsoft SQL Server\150\DTS\Binn\: could not be stat'd.
# C:\WINDOWS\System32\WindowsPowerShell\v1.0\ (key C:/WINDOWS/System32/WindowsPowerShell/v1.0/, mtime 1622903039): 30 files, no impossibilities.
# C:\WINDOWS\System32\Wbem (key C:/WINDOWS/System32/Wbem, mtime 1652715384): 171 files, no impossibilities.
# . (key c:/repo/thesisdigitaltwinsustainability, mtime 1654024086): 14 files, no impossibilities.
# C:\Users\remco.ploeg\go\bin: could not be stat'd.
# C:\Program Files (x86)\Common Files\Pulse Secure\VC142.CRT\X64\ (key C:/Program Files (x86)/Common Files/Pulse Secure/VC142.CRT/X64/, mtime 1648224221): 10 files, no impossibilities.
# C:\Program Files\dotnet\ (key C:/Program Files/dotnet/, mtime 1652988933): 8 files, no impossibilities.
# C:\Program Files (x86)\Pulse Secure\VC142.CRT\X64\ (key C:/Program Files (x86)/Pulse Secure/VC142.CRT/X64/, mtime 1648224177): 10 files, no impossibilities.
# C:\WINDOWS\System32\OpenSSH\: could not be stat'd.
# C:\WINDOWS (key C:/WINDOWS, mtime 1653853020): 147 files, no impossibilities.
# C:\Users\remco.ploeg\AppData\Local\Programs\Python\Python310\ (key C:/Users/remco.ploeg/AppData/Local/Programs/Python/Python310/, mtime 1649427843): 18 files, no impossibilities.
# C:\Program Files\Azure Data Studio\bin (key C:/Program Files/Azure Data Studio/bin, mtime 1652180119): 4 files, no impossibilities.
# C:\Users\remco.ploeg\AppData\Local\Programs\Python\Python310\Scripts\ (key C:/Users/remco.ploeg/AppData/Local/Programs/Python/Python310/Scripts/, mtime 1649427843): 5 files, no impossibilities.
# C:\Users\remco.ploeg\AppData\Local\Programs\Microsoft VS Code\bin (key C:/Users/remco.ploeg/AppData/Local/Programs/Microsoft VS Code/bin, mtime 1654023628): 4 files, no impossibilities.
# C:\WINDOWS\system32 (key C:/WINDOWS/system32, mtime 1653918594): 2877 files, no impossibilities.
# C:\Program Files (x86)\Common Files\Pulse Secure\VC142.CRT\X86\ (key C:/Program Files (x86)/Common Files/Pulse Secure/VC142.CRT/X86/, mtime 1648224221): 9 files, no impossibilities.
# C:\Program Files (x86)\Pulse Secure\VC142.CRT\X86\ (key C:/Program Files (x86)/Pulse Secure/VC142.CRT/X86/, mtime 1648224177): 9 files, no impossibilities.
# C:\Program Files (x86)\GnuWin32\bin (key C:/Program Files (x86)/GnuWin32/bin, mtime 1654025526): 5 files, no impossibilities.

# 3355 files, no impossibilities in 21 directories.

# Implicit Rules

# No implicit rules.

# Files

# Not a target:
all:
#  Command-line target.
#  Implicit rule search has been done.
#  File does not exist.
#  File has not been updated.
# variable set hash-table stats:
# Load=0/32=0%, Rehash=0, Collisions=0/0=0%

# Not a target:
.DEFAULT:
#  Implicit rule search has not been done.
#  Modification time never checked.
#  File has not been updated.

# Not a target:
makefile:
#  A default, MAKEFILES, or -include/sinclude makefile.
#  Implicit rule search has been done.
#  File does not exist.
#  File has been updated.
#  Failed to be updated.
# variable set hash-table stats:
# Load=0/32=0%, Rehash=0, Collisions=0/0=0%

# Not a target:
.SUFFIXES:
#  Implicit rule search has not been done.
#  Modification time never checked.
#  File has not been updated.

# Not a target:
GNUmakefile:
#  A default, MAKEFILES, or -include/sinclude makefile.
#  Implicit rule search has been done.
#  File does not exist.
#  File has been updated.
#  Failed to be updated.
# variable set hash-table stats:
# Load=0/32=0%, Rehash=0, Collisions=0/0=0%

# files hash-table stats:
# Load=5/1024=0%, Rehash=0, Collisions=0/16=0%
# VPATH Search Paths

# No `vpath' search paths.

# No general (`VPATH' variable) search path.

# # of strings in strcache: 0
# # of strcache buffers: 0
# strcache size: total = 0 / max = 0 / min = 4096 / avg = 0
# strcache free: total = 0 / max = 0 / min = 4096 / avg = 0

# Finished Make data base on Tue May 31 21:42:51 2022

 
make.exe: *** No rule to make target `all'.  Stop.

